<?xml version="1.0" encoding="UTF-8"?>
<!-- Generated by org.testng.reporters.JUnitReportReporter -->
<testsuite hostname="miniNickolayPC" name="myApplication.AppTest" tests="1" failures="0" timestamp="5 May 2016 13:23:55 GMT" time="0.011" errors="0">
  <testcase name="book" time="0.011" classname="myApplication.AppTest"/>
</testsuite> <!-- myApplication.AppTest -->
